Started GET "/" for ::1 at 2020-08-28 09:01:26 +0100
Processing by Rails::WelcomeController#index as HTML
  Rendering /Users/maryjaneakpagbue/.rbenv/versions/2.7.1/lib/ruby/gems/2.7.0/gems/railties-5.2.4.3/lib/rails/templates/rails/welcome/index.html.erb
  Rendered /Users/maryjaneakpagbue/.rbenv/versions/2.7.1/lib/ruby/gems/2.7.0/gems/railties-5.2.4.3/lib/rails/templates/rails/welcome/index.html.erb (6.6ms)
Completed 200 OK in 38ms (Views: 23.1ms | ActiveRecord: 0.0ms)


Started GET "/" for 127.0.0.1 at 2020-08-28 09:02:56 +0100
Processing by Rails::WelcomeController#index as HTML
  Rendering /Users/maryjaneakpagbue/.rbenv/versions/2.7.1/lib/ruby/gems/2.7.0/gems/railties-5.2.4.3/lib/rails/templates/rails/welcome/index.html.erb
  Rendered /Users/maryjaneakpagbue/.rbenv/versions/2.7.1/lib/ruby/gems/2.7.0/gems/railties-5.2.4.3/lib/rails/templates/rails/welcome/index.html.erb (3.7ms)
Completed 200 OK in 10ms (Views: 6.7ms | ActiveRecord: 0.0ms)


  [1m[35m (0.7ms)[0m  [1m[34mSELECT sqlite_version(*)[0m
  ↳ bin/rake:9
  [1m[35m (4.9ms)[0m  [1m[35mCREATE TABLE "schema_migrations" ("version" varchar NOT NULL PRIMARY KEY)[0m
  ↳ bin/rake:9
  [1m[35m (1.8ms)[0m  [1m[35mCREATE TABLE "ar_internal_metadata" ("key" varchar NOT NULL PRIMARY KEY, "value" varchar, "created_at" datetime NOT NULL, "updated_at" datetime NOT NULL)[0m
  ↳ bin/rake:9
  [1m[35m (0.7ms)[0m  [1m[34mSELECT "schema_migrations"."version" FROM "schema_migrations" ORDER BY "schema_migrations"."version" ASC[0m
  ↳ bin/rake:9
Migrating to CreateArticles (20200828080332)
  [1m[35m (0.1ms)[0m  [1m[36mbegin transaction[0m
  ↳ bin/rake:9
  [1m[35m (4.7ms)[0m  [1m[35mCREATE TABLE "articles" ("id" integer PRIMARY KEY AUTOINCREMENT NOT NULL, "text" varchar, "body" text, "created_at" datetime NOT NULL, "updated_at" datetime NOT NULL)[0m
  ↳ db/migrate/20200828080332_create_articles.rb:3
  [1m[36mActiveRecord::SchemaMigration Create (6.5ms)[0m  [1m[32mINSERT INTO "schema_migrations" ("version") VALUES (?)[0m  [["version", "20200828080332"]]
  ↳ bin/rake:9
  [1m[35m (2.5ms)[0m  [1m[36mcommit transaction[0m
  ↳ bin/rake:9
  [1m[36mActiveRecord::InternalMetadata Load (0.2ms)[0m  [1m[34mSELECT  "ar_internal_metadata".* FROM "ar_internal_metadata" WHERE "ar_internal_metadata"."key" = ? LIMIT ?[0m  [["key", "environment"], ["LIMIT", 1]]
  ↳ bin/rake:9
  [1m[35m (0.4ms)[0m  [1m[36mbegin transaction[0m
  ↳ bin/rake:9
  [1m[36mActiveRecord::InternalMetadata Create (0.5ms)[0m  [1m[32mINSERT INTO "ar_internal_metadata" ("key", "value", "created_at", "updated_at") VALUES (?, ?, ?, ?)[0m  [["key", "environment"], ["value", "development"], ["created_at", "2020-08-28 08:17:56.328552"], ["updated_at", "2020-08-28 08:17:56.328552"]]
  ↳ bin/rake:9
  [1m[35m (1.1ms)[0m  [1m[36mcommit transaction[0m
  ↳ bin/rake:9
  [1m[35m (0.2ms)[0m  [1m[34mSELECT "schema_migrations"."version" FROM "schema_migrations" ORDER BY "schema_migrations"."version" ASC[0m
  ↳ bin/rake:9
  [1m[35m (0.6ms)[0m  [1m[34mSELECT "schema_migrations"."version" FROM "schema_migrations" ORDER BY "schema_migrations"."version" ASC[0m
  ↳ /Users/maryjaneakpagbue/.rbenv/versions/2.7.1/bin/rake:23
  [1m[36mActiveRecord::InternalMetadata Load (1.6ms)[0m  [1m[34mSELECT  "ar_internal_metadata".* FROM "ar_internal_metadata" WHERE "ar_internal_metadata"."key" = ? LIMIT ?[0m  [["key", "environment"], ["LIMIT", 1]]
  ↳ /Users/maryjaneakpagbue/.rbenv/versions/2.7.1/bin/rake:23
  [1m[35m (0.1ms)[0m  [1m[36mbegin transaction[0m
  ↳ /Users/maryjaneakpagbue/.rbenv/versions/2.7.1/bin/rake:23
  [1m[35m (0.1ms)[0m  [1m[36mcommit transaction[0m
  ↳ /Users/maryjaneakpagbue/.rbenv/versions/2.7.1/bin/rake:23
  [1m[35m (0.3ms)[0m  [1m[34mSELECT "schema_migrations"."version" FROM "schema_migrations" ORDER BY "schema_migrations"."version" ASC[0m
  ↳ /Users/maryjaneakpagbue/.rbenv/versions/2.7.1/bin/rake:23
  [1m[35m (0.2ms)[0m  [1m[34mSELECT "schema_migrations"."version" FROM "schema_migrations" ORDER BY "schema_migrations"."version" ASC[0m
  ↳ /Users/joe/.rvm/rubies/ruby-2.7.1/lib/ruby/gems/2.7.0/gems/rake-13.0.1/lib/rake/task.rb:281
  [1m[36mActiveRecord::InternalMetadata Load (0.2ms)[0m  [1m[34mSELECT  "ar_internal_metadata".* FROM "ar_internal_metadata" WHERE "ar_internal_metadata"."key" = ? LIMIT ?[0m  [["key", "environment"], ["LIMIT", 1]]
  ↳ /Users/joe/.rvm/rubies/ruby-2.7.1/lib/ruby/gems/2.7.0/gems/rake-13.0.1/lib/rake/task.rb:281
  [1m[35m (0.1ms)[0m  [1m[36mbegin transaction[0m
  ↳ /Users/joe/.rvm/rubies/ruby-2.7.1/lib/ruby/gems/2.7.0/gems/rake-13.0.1/lib/rake/task.rb:281
  [1m[35m (0.1ms)[0m  [1m[36mcommit transaction[0m
  ↳ /Users/joe/.rvm/rubies/ruby-2.7.1/lib/ruby/gems/2.7.0/gems/rake-13.0.1/lib/rake/task.rb:281
  [1m[35m (0.1ms)[0m  [1m[34mSELECT "schema_migrations"."version" FROM "schema_migrations" ORDER BY "schema_migrations"."version" ASC[0m
  ↳ /Users/joe/.rvm/rubies/ruby-2.7.1/lib/ruby/gems/2.7.0/gems/rake-13.0.1/lib/rake/task.rb:281
  [1m[35m (0.4ms)[0m  [1m[34mSELECT "schema_migrations"."version" FROM "schema_migrations" ORDER BY "schema_migrations"."version" ASC[0m
  ↳ /Users/joe/.rvm/rubies/ruby-2.7.1/lib/ruby/gems/2.7.0/gems/rake-13.0.1/lib/rake/task.rb:281
  [1m[36mActiveRecord::InternalMetadata Load (1.0ms)[0m  [1m[34mSELECT  "ar_internal_metadata".* FROM "ar_internal_metadata" WHERE "ar_internal_metadata"."key" = ? LIMIT ?[0m  [["key", "environment"], ["LIMIT", 1]]
  ↳ /Users/joe/.rvm/rubies/ruby-2.7.1/lib/ruby/gems/2.7.0/gems/rake-13.0.1/lib/rake/task.rb:281
  [1m[35m (0.1ms)[0m  [1m[36mbegin transaction[0m
  ↳ /Users/joe/.rvm/rubies/ruby-2.7.1/lib/ruby/gems/2.7.0/gems/rake-13.0.1/lib/rake/task.rb:281
  [1m[35m (0.0ms)[0m  [1m[36mcommit transaction[0m
  ↳ /Users/joe/.rvm/rubies/ruby-2.7.1/lib/ruby/gems/2.7.0/gems/rake-13.0.1/lib/rake/task.rb:281
  [1m[35m (0.6ms)[0m  [1m[34mSELECT "schema_migrations"."version" FROM "schema_migrations" ORDER BY "schema_migrations"."version" ASC[0m
  ↳ /Users/joe/.rvm/rubies/ruby-2.7.1/lib/ruby/gems/2.7.0/gems/rake-13.0.1/lib/rake/task.rb:281
  [1m[35m (0.6ms)[0m  [1m[34mSELECT "schema_migrations"."version" FROM "schema_migrations" ORDER BY "schema_migrations"."version" ASC[0m
  ↳ /Users/joe/.rvm/rubies/ruby-2.7.1/lib/ruby/gems/2.7.0/gems/rake-13.0.1/lib/rake/task.rb:281
Migrating to FixColumnName (20200828085810)
  [1m[35m (0.4ms)[0m  [1m[34mSELECT "schema_migrations"."version" FROM "schema_migrations" ORDER BY "schema_migrations"."version" ASC[0m
  ↳ /Users/joe/.rvm/rubies/ruby-2.7.1/lib/ruby/gems/2.7.0/gems/rake-13.0.1/lib/rake/task.rb:281
Migrating to RenameTextToTitle (20200828090315)
  [1m[35m (0.1ms)[0m  [1m[36mbegin transaction[0m
  ↳ /Users/joe/.rvm/rubies/ruby-2.7.1/lib/ruby/gems/2.7.0/gems/rake-13.0.1/lib/rake/task.rb:281
  [1m[35m (0.0ms)[0m  [1m[34mSELECT sqlite_version(*)[0m
  ↳ db/migrate/20200828090315_rename_text_to_title.rb:3
  [1m[35m (0.3ms)[0m  [1m[35mCREATE TEMPORARY TABLE "aarticles" ("id" integer NOT NULL PRIMARY KEY, "title" varchar DEFAULT NULL, "body" text DEFAULT NULL, "created_at" datetime NOT NULL, "updated_at" datetime NOT NULL)[0m
  ↳ db/migrate/20200828090315_rename_text_to_title.rb:3
  [1m[35m (0.3ms)[0m  [1m[32mINSERT INTO "aarticles" ("id","title","body","created_at","updated_at")
                     SELECT "id","text","body","created_at","updated_at" FROM "articles"[0m
  ↳ db/migrate/20200828090315_rename_text_to_title.rb:3
  [1m[35m (1.0ms)[0m  [1m[35mDROP TABLE "articles"[0m
  ↳ db/migrate/20200828090315_rename_text_to_title.rb:3
  [1m[35m (0.1ms)[0m  [1m[35mCREATE TABLE "articles" ("id" integer NOT NULL PRIMARY KEY, "title" varchar DEFAULT NULL, "body" text DEFAULT NULL, "created_at" datetime NOT NULL, "updated_at" datetime NOT NULL)[0m
  ↳ db/migrate/20200828090315_rename_text_to_title.rb:3
  [1m[35m (0.0ms)[0m  [1m[32mINSERT INTO "articles" ("id","title","body","created_at","updated_at")
                     SELECT "id","title","body","created_at","updated_at" FROM "aarticles"[0m
  ↳ db/migrate/20200828090315_rename_text_to_title.rb:3
  [1m[35m (0.1ms)[0m  [1m[35mDROP TABLE "aarticles"[0m
  ↳ db/migrate/20200828090315_rename_text_to_title.rb:3
  [1m[36mActiveRecord::SchemaMigration Create (0.9ms)[0m  [1m[32mINSERT INTO "schema_migrations" ("version") VALUES (?)[0m  [["version", "20200828090315"]]
  ↳ /Users/joe/.rvm/rubies/ruby-2.7.1/lib/ruby/gems/2.7.0/gems/rake-13.0.1/lib/rake/task.rb:281
  [1m[35m (1.5ms)[0m  [1m[36mcommit transaction[0m
  ↳ /Users/joe/.rvm/rubies/ruby-2.7.1/lib/ruby/gems/2.7.0/gems/rake-13.0.1/lib/rake/task.rb:281
  [1m[36mActiveRecord::InternalMetadata Load (1.5ms)[0m  [1m[34mSELECT  "ar_internal_metadata".* FROM "ar_internal_metadata" WHERE "ar_internal_metadata"."key" = ? LIMIT ?[0m  [["key", "environment"], ["LIMIT", 1]]
  ↳ /Users/joe/.rvm/rubies/ruby-2.7.1/lib/ruby/gems/2.7.0/gems/rake-13.0.1/lib/rake/task.rb:281
  [1m[35m (0.1ms)[0m  [1m[36mbegin transaction[0m
  ↳ /Users/joe/.rvm/rubies/ruby-2.7.1/lib/ruby/gems/2.7.0/gems/rake-13.0.1/lib/rake/task.rb:281
  [1m[35m (0.1ms)[0m  [1m[36mcommit transaction[0m
  ↳ /Users/joe/.rvm/rubies/ruby-2.7.1/lib/ruby/gems/2.7.0/gems/rake-13.0.1/lib/rake/task.rb:281
  [1m[35m (0.2ms)[0m  [1m[34mSELECT "schema_migrations"."version" FROM "schema_migrations" ORDER BY "schema_migrations"."version" ASC[0m
  ↳ /Users/joe/.rvm/rubies/ruby-2.7.1/lib/ruby/gems/2.7.0/gems/rake-13.0.1/lib/rake/task.rb:281
